  Clickale.cpp
C:\Users\Joaquín\source\repos\Unidad 4\Clickale.cpp(17,84): warning C4244: 'argumento': conversión de 'T' a 'T'; posible pérdida de datos
          with
          [
              T=int
          ]
          and
          [
              T=float
          ]
C:\Users\Joaquín\source\repos\Unidad 4\Clickale.cpp(17,60): warning C4244: 'argumento': conversión de 'T' a 'T'; posible pérdida de datos
          with
          [
              T=int
          ]
          and
          [
              T=float
          ]
C:\Users\Joaquín\source\repos\Unidad 4\Clickale.cpp(41,36): warning C4305: 'argumento': truncamiento de 'double' a 'float'
C:\Users\Joaquín\source\repos\Unidad 4\Clickale.cpp(41,17): warning C4305: 'argumento': truncamiento de 'double' a 'float'
C:\Users\Joaquín\source\repos\Unidad 4\Clickale.cpp(43,44): warning C4244: 'argumento': conversión de 'int' a 'float'; posible pérdida de datos
C:\Users\Joaquín\source\repos\Unidad 4\Clickale.cpp(43,28): warning C4244: 'argumento': conversión de 'int' a 'float'; posible pérdida de datos
C:\Users\Joaquín\source\repos\Unidad 4\Clickale.cpp(60,12): warning C4244: 'argumento': conversión de 'time_t' a 'unsigned int'; posible pérdida de datos
C:\Users\Joaquín\source\repos\Unidad 4\Clickale.cpp(144,13): warning C4806: '==': operación no segura: ningún valor del tipo 'bool' promovido al tipo 'sf::Event::EventType' puede igualar la constante proporcionada
C:\Users\Joaquín\source\repos\Unidad 4\Clickale.cpp(146,64): warning C4244: 'argumento': conversión de 'T' a 'float'; posible pérdida de datos
          with
          [
              T=int
          ]
C:\Users\Joaquín\source\repos\Unidad 4\Clickale.cpp(146,40): warning C4244: 'argumento': conversión de 'T' a 'float'; posible pérdida de datos
          with
          [
              T=int
          ]
C:\Users\Joaquín\source\repos\Unidad 4\Clickale.cpp(22): warning C4715: 'Aliens::IsClicked': no todas las rutas de acceso de control devuelven un valor
